<beans xmlns="http://www.springframework.org/schema/beans"
	xmlns:xsi="http://www.w3.org/2001/XMLSchema-instance"
	xsi:schemaLocation="http://www.springframework.org/schema/beans
    http://www.springframework.org/schema/beans/spring-beans-4.0.xsd">
	<bean id="dataSource"
		class="org.springframework.jdbc.datasource.DriverManagerDataSource">
		<property name="driverClassName" value="org.postgis.DriverWrapper" />
		<property name="url" value="jdbc:postgresql_postGIS://localhost:5432/NDS_GIS" />
		<property name="username" value="postgres" />
		<property name="password" value="postgres" />
	</bean>
</beans>